#
# There is insufficient memory for the Java Runtime Environment to continue.
# Native memory allocation (mmap) failed to map 33554432 bytes for G1 virtual space
# Possible reasons:
#   The system is out of physical RAM or swap space
#   The process is running with CompressedOops enabled, and the Java Heap may be blocking the growth of the native heap
# Possible solutions:
#   Reduce memory load on the system
#   Increase physical memory or swap space
#   Check if swap backing store is full
#   Decrease Java heap size (-Xmx/-Xms)
#   Decrease number of Java threads
#   Decrease Java thread stack sizes (-Xss)
#   Set larger code cache with -XX:ReservedCodeCacheSize=
#   JVM is running with Unscaled Compressed Oops mode in which the Java heap is
#     placed in the first 4GB address space. The Java Heap base address is the
#     maximum limit for the native heap growth. Please use -XX:HeapBaseMinAddress
#     to set the Java Heap base and to place the Java Heap above 4GB virtual address.
# This output file may be truncated or incomplete.
#
#  Out of Memory Error (os_windows.cpp:3535), pid=316, tid=5436
#
# JRE version:  (17.0.4.1+1) (build )
# Java VM: Java HotSpot(TM) 64-Bit Server VM (17.0.4.1+1-LTS-2, mixed mode, sharing, tiered, compressed oops, compressed class ptrs, g1 gc, windows-amd64)
# No core dump will be written. Minidumps are not enabled by default on client versions of Windows
#

---------------  S U M M A R Y ------------

Command Line: -Dorg.toxsoft.uskat.skadmin.plugin.paths=../../../ts4-targets/ts4-target-uskat/main/plugins:../../../ts4-targets/ts4-target-sitrol/rcp/plugins -Xdebug -Xnoagent -Xrunjdwp:transport=dt_socket,server=y,suspend=n,address=8000 -Dfile.encoding=CP866 -Dlog4j.configuration=file:log4j.xml -Xms2048m -Xmx2048m org.toxsoft.uskat.skadmin.cli.Main connect -user root -password 1 -host localhost -port 8080 -connectTimeout 300000 -failureTimeout 500000

Host: AMD Ryzen 7 2700 Eight-Core Processor          , 2 cores, 7G,  Windows 10 , 64 bit Build 14393 (10.0.14393.5127)
Time: Mon Aug 22 22:54:31 2022 RTZ 2 (зима) elapsed time: 0.031202 seconds (0d 0h 0m 0s)

---------------  T H R E A D  ---------------

Current thread (0x0000023d513152b0):  JavaThread "Unknown thread" [_thread_in_vm, id=5436, stack(0x000000f769200000,0x000000f769300000)]

Stack: [0x000000f769200000,0x000000f769300000]
Native frames: (J=compiled Java code, j=interpreted, Vv=VM code, C=native code)
V  [jvm.dll+0x6723ba]
V  [jvm.dll+0x7d1e34]
V  [jvm.dll+0x7d35de]
V  [jvm.dll+0x7d3c43]
V  [jvm.dll+0x243065]
V  [jvm.dll+0x66f2d9]
V  [jvm.dll+0x663c22]
V  [jvm.dll+0x3011cb]
V  [jvm.dll+0x308766]
V  [jvm.dll+0x358483]
V  [jvm.dll+0x35869f]
V  [jvm.dll+0x2d83e8]
V  [jvm.dll+0x2d9354]
V  [jvm.dll+0x7a3911]
V  [jvm.dll+0x3662c1]
V  [jvm.dll+0x782d7c]
V  [jvm.dll+0x3e8c1f]
V  [jvm.dll+0x3ea6c1]
C  [jli.dll+0x527b]
C  [ucrtbase.dll+0x1fb80]
C  [KERNEL32.DLL+0x84d4]
C  [ntdll.dll+0x51791]


---------------  P R O C E S S  ---------------

Threads class SMR info:
_java_thread_list=0x00007ff8be7fa858, length=0, elements={
}

Java Threads: ( => current thread )

Other Threads:
  0x0000023d513716e0 GCTaskThread "GC Thread#0" [stack: 0x000000f769300000,0x000000f769400000] [id=3460]
  0x0000023d51383540 ConcurrentGCThread "G1 Main Marker" [stack: 0x000000f769400000,0x000000f769500000] [id=3580]
  0x0000023d51385a30 ConcurrentGCThread "G1 Conc#0" [stack: 0x000000f769500000,0x000000f769600000] [id=876]

[error occurred during error reporting (printing all threads), id 0xc0000005, EXCEPTION_ACCESS_VIOLATION (0xc0000005) at pc=0x00007ff8be048dd7]

VM state: not at safepoint (not fully initialized)

VM Mutex/Monitor currently owned by a thread:  ([mutex/lock_event])
[0x0000023d5130e7d0] Heap_lock - owner thread: 0x0000023d513152b0

Heap address: 0x0000000080000000, size: 2048 MB, Compressed Oops mode: 32-bit

CDS archive(s) mapped at: [0x0000000000000000-0x0000000000000000-0x0000000000000000), size 0, SharedBaseAddress: 0x0000000800000000, ArchiveRelocationMode: 0.
Narrow klass base: 0x0000000000000000, Narrow klass shift: 0, Narrow klass range: 0x0

GC Precious Log:
<Empty>

Heap:
 garbage-first heap   total 0K, used 0K [0x0000000080000000, 0x0000000100000000)
  region size 1024K, 0 young (0K), 0 survivors (0K)

[error occurred during error reporting (printing heap information), id 0xc0000005, EXCEPTION_ACCESS_VIOLATION (0xc0000005) at pc=0x00007ff8be42b869]

GC Heap History (0 events):
No events

Deoptimization events (0 events):
No events

Classes unloaded (0 events):
No events

Classes redefined (0 events):
No events

Internal exceptions (0 events):
No events

VM Operations (0 events):
No events

Events (1 events):
Event: 0.005 Loaded shared library C:\Program Files\Java\jdk-17.0.4.1\bin\java.dll


Dynamic libraries:
0x00007ff63d680000 - 0x00007ff63d690000 	C:\Program Files\Java\jdk-17.0.4.1\bin\java.exe
0x00007ff8ce460000 - 0x00007ff8ce62f000 	C:\Windows\SYSTEM32\ntdll.dll
0x00007ff8cdb90000 - 0x00007ff8cdc3d000 	C:\Windows\System32\KERNEL32.DLL
0x00007ff8cac00000 - 0x00007ff8cae1e000 	C:\Windows\System32\KERNELBASE.dll
0x00007ff8cb860000 - 0x00007ff8cb954000 	C:\Windows\System32\ucrtbase.dll
0x00007ff8c30f0000 - 0x00007ff8c3108000 	C:\Program Files\Java\jdk-17.0.4.1\bin\jli.dll
0x00007ff8cd570000 - 0x00007ff8cd616000 	C:\Windows\System32\ADVAPI32.dll
0x00007ff8ce340000 - 0x00007ff8ce3de000 	C:\Windows\System32\msvcrt.dll
0x00007ff8cdd00000 - 0x00007ff8cdd5b000 	C:\Windows\System32\sechost.dll
0x00007ff8cd2e0000 - 0x00007ff8cd3fd000 	C:\Windows\System32\RPCRT4.dll
0x00007ff8cd400000 - 0x00007ff8cd566000 	C:\Windows\System32\USER32.dll
0x00007ff8cabe0000 - 0x00007ff8cabfe000 	C:\Windows\System32\win32u.dll
0x00007ff8cdd60000 - 0x00007ff8cdd94000 	C:\Windows\System32\GDI32.dll
0x00007ff8cae90000 - 0x00007ff8cb014000 	C:\Windows\System32\gdi32full.dll
0x00007ff8c2e20000 - 0x00007ff8c2e3a000 	C:\Program Files\Java\jdk-17.0.4.1\bin\VCRUNTIME140.dll
0x00007ff8c3930000 - 0x00007ff8c3baa000 	C:\Windows\WinSxS\amd64_microsoft.windows.common-controls_6595b64144ccf1df_6.0.14393.4169_none_7de0bbf28341b1f2\COMCTL32.dll
0x00007ff8cd7f0000 - 0x00007ff8cdab6000 	C:\Windows\System32\combase.dll
0x00007ff8cae20000 - 0x00007ff8cae8c000 	C:\Windows\System32\bcryptPrimitives.dll
0x00007ff8ca4b0000 - 0x00007ff8ca4ba000 	C:\Windows\SYSTEM32\VERSION.dll
0x00007ff8cd620000 - 0x00007ff8cd64e000 	C:\Windows\System32\IMM32.DLL
0x00007ff8c3520000 - 0x00007ff8c352c000 	C:\Program Files\Java\jdk-17.0.4.1\bin\vcruntime140_1.dll
0x00007ff8c2d90000 - 0x00007ff8c2e1d000 	C:\Program Files\Java\jdk-17.0.4.1\bin\msvcp140.dll
0x00007ff8bdd60000 - 0x00007ff8be922000 	C:\Program Files\Java\jdk-17.0.4.1\bin\server\jvm.dll
0x00007ff8ce330000 - 0x00007ff8ce338000 	C:\Windows\System32\PSAPI.DLL
0x00007ff8bc740000 - 0x00007ff8bc749000 	C:\Windows\SYSTEM32\WSOCK32.dll
0x00007ff8c8e00000 - 0x00007ff8c8e23000 	C:\Windows\SYSTEM32\WINMM.dll
0x00007ff8ce3f0000 - 0x00007ff8ce45a000 	C:\Windows\System32\ws2_32.DLL
0x00007ff8c8da0000 - 0x00007ff8c8dcb000 	C:\Windows\SYSTEM32\WINMMBASE.dll
0x00007ff8cab90000 - 0x00007ff8cabd2000 	C:\Windows\System32\cfgmgr32.dll
0x00007ff8ca8f0000 - 0x00007ff8ca8ff000 	C:\Windows\System32\kernel.appcore.dll
0x00007ff8c30a0000 - 0x00007ff8c30aa000 	C:\Program Files\Java\jdk-17.0.4.1\bin\jimage.dll
0x00007ff8b6a60000 - 0x00007ff8b6bf2000 	C:\Windows\SYSTEM32\DBGHELP.DLL
0x00007ff8b6c60000 - 0x00007ff8b6c89000 	C:\Windows\SYSTEM32\dbgcore.DLL
0x00007ff8c1da0000 - 0x00007ff8c1ddb000 	C:\Program Files\Java\jdk-17.0.4.1\bin\jdwp.dll
0x00007ff8c2cc0000 - 0x00007ff8c2ce5000 	C:\Program Files\Java\jdk-17.0.4.1\bin\java.dll

dbghelp: loaded successfully - version: 4.0.5 - missing functions: none
symbol engine: initialized successfully - sym options: 0x614 - pdb path: .;C:\Program Files\Java\jdk-17.0.4.1\bin;C:\Windows\SYSTEM32;C:\Windows\WinSxS\amd64_microsoft.windows.common-controls_6595b64144ccf1df_6.0.14393.4169_none_7de0bbf28341b1f2;C:\Program Files\Java\jdk-17.0.4.1\bin\server

VM Arguments:
jvm_args: -Dorg.toxsoft.uskat.skadmin.plugin.paths=../../../ts4-targets/ts4-target-uskat/main/plugins:../../../ts4-targets/ts4-target-sitrol/rcp/plugins -Xdebug -Xnoagent -Xrunjdwp:transport=dt_socket,server=y,suspend=n,address=8000 -Dfile.encoding=CP866 -Dlog4j.configuration=file:log4j.xml -Xms2048m -Xmx2048m 
java_command: org.toxsoft.uskat.skadmin.cli.Main connect -user root -password 1 -host localhost -port 8080 -connectTimeout 300000 -failureTimeout 500000
java_class_path (initial): ../../../ts4-targets/ts4-target-extlibs/lib/org.toxsoft.extlibs.apache.poi-lib.jar;../../../ts4-targets/ts4-target-extlibs/lib/org.toxsoft.extlibs.jasperreports-lib.jar;../../../ts4-targets/ts4-target-extlibs/lib/org.toxsoft.extlibs.jeasyopc-lib.jar;../../../ts4-targets/ts4-target-extlibs/lib/org.toxsoft.extlibs.jfreechart-lib.jar;../../../ts4-targets/ts4-target-extlibs/lib/org.toxsoft.extlibs.jline-lib.jar;../../../ts4-targets/ts4-target-extlibs/lib/org.toxsoft.extlibs.log4j-lib.jar;../../../ts4-targets/ts4-target-extlibs/lib/org.toxsoft.extlibs.milo-lib.jar;../../../ts4-targets/ts4-target-extlibs/lib/org.toxsoft.extlibs.modbus-lib.jar;../../../ts4-targets/ts4-target-extlibs/lib/org.toxsoft.extlibs.opendocument-lib.jar;../../../ts4-targets/ts4-target-extlibs/lib/org.toxsoft.extlibs.serial-lib.jar;../../../ts4-targets/ts4-target-extlibs/lib/org.toxsoft.extlibs.sqlite-jdbc-lib.jar;../../../ts4-targets/ts4-target-extlibs/lib/org.toxsoft.extlibs.wildfly-lib.jar;../../../ts4-targets/ts4-target-core/lib/org.toxsoft.core.log4j-lib.jar;../../../ts4-targets/ts4-target-core/lib/org.toxsoft.core.pas-lib.jar;../../../ts4-targets/ts4-target-core/lib/org.toxsoft.core.singlesrc.rcp-lib.jar;../../../ts4-targets/ts4-target-core/lib/org.toxsoft.core.tsgui-lib.jar;../../../ts4-targets/ts4-target-core/lib/org.toxsoft.core.tsgui.mws-lib.jar;../../../ts4-targets/ts4-target-core/lib/org.toxsoft.core.tsgui.rcp-lib.jar;../../../ts4-targets/ts4-target-core/lib/org.toxsoft.core.tslib-lib.jar;../../../ts4-targets/ts4-target-core/lib/org.toxsoft.core.txtproj.gui-lib.jar;../../../ts4-targets/ts4-target-core/lib/org.toxsoft.core.txtproj.lib-lib.jar;../../../ts4-targets/ts4-target-core/lib/org.toxsoft.core.txtproj.mws-lib.jar;../../../ts4-targets/ts4-target-uskat/lib/org.toxsoft.uskat.core-lib.jar;../../../ts4-targets/ts4-target-uskat/lib/org.toxsoft.uskat.s5-lib.jar;../../../ts4-targets/ts4-target-uskat/lib/org.toxsoft.uskat.s5.histdata10-lib.jar;../../../ts4-targets
Launcher Type: SUN_STANDARD

[Global flags]
     intx CICompilerCount                          = 2                                         {product} {ergonomic}
     uint ConcGCThreads                            = 1                                         {product} {ergonomic}
     uint G1ConcRefinementThreads                  = 2                                         {product} {ergonomic}
   size_t G1HeapRegionSize                         = 1048576                                   {product} {ergonomic}
    uintx GCDrainStackTargetSize                   = 64                                        {product} {ergonomic}
   size_t InitialHeapSize                          = 2147483648                                {product} {command line}
   size_t MarkStackSize                            = 4194304                                   {product} {ergonomic}
   size_t MaxHeapSize                              = 2147483648                                {product} {command line}
   size_t MinHeapDeltaBytes                        = 1048576                                   {product} {ergonomic}
   size_t MinHeapSize                              = 2147483648                                {product} {command line}
    uintx NonNMethodCodeHeapSize                   = 5826188                                {pd product} {ergonomic}
    uintx NonProfiledCodeHeapSize                  = 122916026                              {pd product} {ergonomic}
    uintx ProfiledCodeHeapSize                     = 122916026                              {pd product} {ergonomic}
    uintx ReservedCodeCacheSize                    = 251658240                              {pd product} {ergonomic}
     bool SegmentedCodeCache                       = true                                      {product} {ergonomic}
   size_t SoftMaxHeapSize                          = 2147483648                             {manageable} {ergonomic}
     bool UseCompressedClassPointers               = true                           {product lp64_product} {ergonomic}
     bool UseCompressedOops                        = true                           {product lp64_product} {ergonomic}
     bool UseG1GC                                  = true                                      {product} {ergonomic}
     bool UseLargePagesIndividualAllocation        = false                                  {pd product} {ergonomic}

Logging:
Log output configuration:
 #0: stdout all=warning uptime,level,tags
 #1: stderr all=off uptime,level,tags

Environment Variables:
JAVA_HOME=C:\Program Files\Java\jdk-17.0.4.1
PATH=C:\Program Files\Common Files\Oracle\Java\javapath;C:\Windows\system32;C:\Windows;C:\Windows\System32\Wbem;C:\Windows\System32\WindowsPowerShell\v1.0\;C:\Program Files\Java\jdk-17.0.4.1\bin;C:\dapps\apache-maven-3.6.3\bin\;C:\Users\tsdev\AppData\Local\Microsoft\WindowsApps;C:\dapps\apache-maven-3.6.3\bin\
USERNAME=tsdev
OS=Windows_NT
PROCESSOR_IDENTIFIER=AMD64 Family 23 Model 8 Stepping 2, AuthenticAMD



---------------  S Y S T E M  ---------------

OS:
 Windows 10 , 64 bit Build 14393 (10.0.14393.5127)
OS uptime: 1 days 0:38 hours

CPU: total 2 (initial active 2) (2 cores per cpu, 2 threads per core) family 23 model 8 stepping 2 microcode 0x6000626, cx8, cmov, fxsr, ht, mmx, 3dnowpref, sse, sse2, sse3, ssse3, sse4a, sse4.1, sse4.2, popcnt, lzcnt, tsc, tscinvbit, avx, avx2, aes, clmul, vzeroupper, clflush, clflushopt, hv

Memory: 4k page, system-wide physical 8179M (1201M free)
TotalPageFile size 20608M (AvailPageFile size 12M)
current process WorkingSet (physical memory assigned to process): 10M, peak: 10M
current process commit charge ("private bytes"): 2099M, peak: 2131M

vm_info: Java HotSpot(TM) 64-Bit Server VM (17.0.4.1+1-LTS-2) for windows-amd64 JRE (17.0.4.1+1-LTS-2), built on Aug 16 2022 18:32:06 by "mach5one" with MS VC++ 16.8 / 16.9 (VS2019)

END.
